c:\users\james\desktop\pa1_support_code\pa4\basicopenglproject\x64\release\vc143.pdb
c:\users\james\desktop\pa1_support_code\pa4\basicopenglproject\x64\release\shaderprogram.obj
c:\users\james\desktop\pa1_support_code\pa4\basicopenglproject\x64\release\shader.obj
c:\users\james\desktop\pa1_support_code\pa4\basicopenglproject\x64\release\main.obj
c:\users\james\desktop\pa1_support_code\pa4\x64\release\openglproject.exe
c:\users\james\desktop\pa1_support_code\pa4\x64\release\openglproject.pdb
c:\users\james\desktop\pa1_support_code\pa4\basicopenglproject\x64\release\openglproject.ipdb
c:\users\james\desktop\pa1_support_code\pa4\basicopenglproject\x64\release\openglproject.iobj
c:\users\james\desktop\pa1_support_code\projecttest\basicopenglproject\x64\release\main.obj
c:\users\james\desktop\pa1_support_code\projecttest\basicopenglproject\x64\release\shader.obj
c:\users\james\desktop\pa1_support_code\projecttest\basicopenglproject\x64\release\shaderprogram.obj
c:\users\james\desktop\pa1_support_code\projecttest\basicopenglproject\x64\release\openglproject.ipdb
c:\users\james\desktop\pa1_support_code\projecttest\basicopenglproject\x64\release\openglproject.iobj
c:\users\james\desktop\pa1_support_code\projecttest\basicopenglproject\x64\release\vc143.pdb
c:\users\james\desktop\pa1_support_code\projecttest\x64\release\openglproject.pdb
c:\users\james\desktop\pa1_support_code\projecttest\x64\release\openglproject.exe
c:\users\james\desktop\pa1_support_code\projecttest\basicopenglproject\x64\release\openglproject.tlog\cl.command.1.tlog
c:\users\james\desktop\pa1_support_code\projecttest\basicopenglproject\x64\release\openglproject.tlog\cl.items.tlog
c:\users\james\desktop\pa1_support_code\projecttest\basicopenglproject\x64\release\openglproject.tlog\cl.read.1.tlog
c:\users\james\desktop\pa1_support_code\projecttest\basicopenglproject\x64\release\openglproject.tlog\cl.write.1.tlog
c:\users\james\desktop\pa1_support_code\projecttest\basicopenglproject\x64\release\openglproject.tlog\link.command.1.tlog
c:\users\james\desktop\pa1_support_code\projecttest\basicopenglproject\x64\release\openglproject.tlog\link.read.1.tlog
c:\users\james\desktop\pa1_support_code\projecttest\basicopenglproject\x64\release\openglproject.tlog\link.secondary.1.tlog
c:\users\james\desktop\pa1_support_code\projecttest\basicopenglproject\x64\release\openglproject.tlog\link.write.1.tlog
